This is pdfTeX, Version 3.14159265-2.6-1.40.19 (TeX Live 2019/dev/Debian) (preloaded format=pdflatex 2021.8.19)  6 JAN 2022 04:08
entering extended mode
 restricted \write18 enabled.
 %&-line parsing enabled.
**Thesis
(./Thesis.tex
LaTeX2e <2018-12-01>
(/usr/share/texlive/texmf-dist/tex/latex/base/report.cls
Document Class: report 2018/09/03 v1.4i Standard LaTeX document class
(/usr/share/texlive/texmf-dist/tex/latex/base/size10.clo
File: size10.clo 2018/09/03 v1.4i Standard LaTeX file (size option)
)
\c@part=\count80
\c@chapter=\count81
\c@section=\count82
\c@subsection=\count83
\c@subsubsection=\count84
\c@paragraph=\count85
\c@subparagraph=\count86
\c@figure=\count87
\c@table=\count88
\abovecaptionskip=\skip41
\belowcaptionskip=\skip42
\bibindent=\dimen102
)
(./Thesis_Preamble.tex
(/usr/share/texlive/texmf-dist/tex/latex/base/inputenc.sty
Package: inputenc 2018/08/11 v1.3c Input encoding file
\inpenc@prehook=\toks14
\inpenc@posthook=\toks15
)
(/usr/share/texlive/texmf-dist/tex/generic/babel/babel.sty
Package: babel 2018/11/13 3.27 The Babel package

(/usr/share/texlive/texmf-dist/tex/generic/babel/switch.def
File: switch.def 2018/11/13 3.27 Babel switching mechanism
)
(/usr/share/texlive/texmf-dist/tex/generic/babel-english/english.ldf
Language: english 2017/06/06 v3.3r English support from the babel system

(/usr/share/texlive/texmf-dist/tex/generic/babel/babel.def
File: babel.def 2018/11/13 3.27 Babel common definitions
\babel@savecnt=\count89
\U@D=\dimen103

(/usr/share/texlive/texmf-dist/tex/generic/babel/txtbabel.def)
\bbl@dirlevel=\count90
)
\l@canadian = a dialect from \language\l@american 
\l@australian = a dialect from \language\l@british 
\l@newzealand = a dialect from \language\l@british 
))
(/usr/share/texlive/texmf-dist/tex/latex/geometry/geometry.sty
Package: geometry 2018/04/16 v5.8 Page Geometry

(/usr/share/texlive/texmf-dist/tex/latex/graphics/keyval.sty
Package: keyval 2014/10/28 v1.15 key=value parser (DPC)
\KV@toks@=\toks16
)
(/usr/share/texlive/texmf-dist/tex/generic/oberdiek/ifpdf.sty
Package: ifpdf 2018/09/07 v3.3 Provides the ifpdf switch
)
(/usr/share/texlive/texmf-dist/tex/generic/oberdiek/ifvtex.sty
Package: ifvtex 2016/05/16 v1.6 Detect VTeX and its facilities (HO)
Package ifvtex Info: VTeX not detected.
)
(/usr/share/texlive/texmf-dist/tex/generic/ifxetex/ifxetex.sty
Package: ifxetex 2010/09/12 v0.6 Provides ifxetex conditional
)
\Gm@cnth=\count91
\Gm@cntv=\count92
\c@Gm@tempcnt=\count93
\Gm@bindingoffset=\dimen104
\Gm@wd@mp=\dimen105
\Gm@odd@mp=\dimen106
\Gm@even@mp=\dimen107
\Gm@layoutwidth=\dimen108
\Gm@layoutheight=\dimen109
\Gm@layouthoffset=\dimen110
\Gm@layoutvoffset=\dimen111
\Gm@dimlist=\toks17
)
(/usr/share/texlive/texmf-dist/tex/latex/setspace/setspace.sty
Package: setspace 2011/12/19 v6.7a set line spacing
)
(/usr/share/texlive/texmf-dist/tex/latex/graphics/graphicx.sty
Package: graphicx 2017/06/01 v1.1a Enhanced LaTeX Graphics (DPC,SPQR)

(/usr/share/texlive/texmf-dist/tex/latex/graphics/graphics.sty
Package: graphics 2017/06/25 v1.2c Standard LaTeX Graphics (DPC,SPQR)

(/usr/share/texlive/texmf-dist/tex/latex/graphics/trig.sty
Package: trig 2016/01/03 v1.10 sin cos tan (DPC)
)
(/usr/share/texlive/texmf-dist/tex/latex/graphics-cfg/graphics.cfg
File: graphics.cfg 2016/06/04 v1.11 sample graphics configuration
)
Package graphics Info: Driver file: pdftex.def on input line 99.

(/usr/share/texlive/texmf-dist/tex/latex/graphics-def/pdftex.def
File: pdftex.def 2018/01/08 v1.0l Graphics/color driver for pdftex
))
\Gin@req@height=\dimen112
\Gin@req@width=\dimen113
)
(/usr/share/texlive/texmf-dist/tex/latex/amsmath/amsmath.sty
Package: amsmath 2018/12/01 v2.17b AMS math features
\@mathmargin=\skip43

For additional information on amsmath, use the `?' option.
(/usr/share/texlive/texmf-dist/tex/latex/amsmath/amstext.sty
Package: amstext 2000/06/29 v2.01 AMS text

(/usr/share/texlive/texmf-dist/tex/latex/amsmath/amsgen.sty
File: amsgen.sty 1999/11/30 v2.0 generic functions
\@emptytoks=\toks18
\ex@=\dimen114
))
(/usr/share/texlive/texmf-dist/tex/latex/amsmath/amsbsy.sty
Package: amsbsy 1999/11/29 v1.2d Bold Symbols
\pmbraise@=\dimen115
)
(/usr/share/texlive/texmf-dist/tex/latex/amsmath/amsopn.sty
Package: amsopn 2016/03/08 v2.02 operator names
)
\inf@bad=\count94
LaTeX Info: Redefining \frac on input line 223.
\uproot@=\count95
\leftroot@=\count96
LaTeX Info: Redefining \overline on input line 385.
\classnum@=\count97
\DOTSCASE@=\count98
LaTeX Info: Redefining \ldots on input line 482.
LaTeX Info: Redefining \dots on input line 485.
LaTeX Info: Redefining \cdots on input line 606.
\Mathstrutbox@=\box27
\strutbox@=\box28
\big@size=\dimen116
LaTeX Font Info:    Redeclaring font encoding OML on input line 729.
LaTeX Font Info:    Redeclaring font encoding OMS on input line 730.
\macc@depth=\count99
\c@MaxMatrixCols=\count100
\dotsspace@=\muskip10
\c@parentequation=\count101
\dspbrk@lvl=\count102
\tag@help=\toks19
\row@=\count103
\column@=\count104
\maxfields@=\count105
\andhelp@=\toks20
\eqnshift@=\dimen117
\alignsep@=\dimen118
\tagshift@=\dimen119
\tagwidth@=\dimen120
\totwidth@=\dimen121
\lineht@=\dimen122
\@envbody=\toks21
\multlinegap=\skip44
\multlinetaggap=\skip45
\mathdisplay@stack=\toks22
LaTeX Info: Redefining \[ on input line 2844.
LaTeX Info: Redefining \] on input line 2845.
)
(/usr/share/texlive/texmf-dist/tex/latex/amscls/amsthm.sty
Package: amsthm 2017/10/31 v2.20.4
\thm@style=\toks23
\thm@bodyfont=\toks24
\thm@headfont=\toks25
\thm@notefont=\toks26
\thm@headpunct=\toks27
\thm@preskip=\skip46
\thm@postskip=\skip47
\thm@headsep=\skip48
\dth@everypar=\toks28
)
(/usr/share/texlive/texmf-dist/tex/latex/amsfonts/amsfonts.sty
Package: amsfonts 2013/01/14 v3.01 Basic AMSFonts support
\symAMSa=\mathgroup4
\symAMSb=\mathgroup5
LaTeX Font Info:    Overwriting math alphabet `\mathfrak' in version `bold'
(Font)                  U/euf/m/n --> U/euf/b/n on input line 106.
)
(/usr/share/texlive/texmf-dist/tex/latex/subfigure/subfigure.sty
Package: subfigure 2002/03/15 v2.1.5 subfigure package
\subfigtopskip=\skip49
\subfigcapskip=\skip50
\subfigcaptopadj=\dimen123
\subfigbottomskip=\skip51
\subfigcapmargin=\dimen124
\subfiglabelskip=\skip52
\c@subfigure=\count106
\c@lofdepth=\count107
\c@subtable=\count108
\c@lotdepth=\count109

****************************************
* Local config file subfigure.cfg used *
****************************************
(/usr/share/texlive/texmf-dist/tex/latex/subfigure/subfigure.cfg)
\subfig@top=\skip53
\subfig@bottom=\skip54
)
(/usr/share/texlive/texmf-dist/tex/latex/subfigmat/subfigmat.sty
Package: subfigmat 1999/02/27 v1.0 Subfigure Matrix Package
\sfm@width=\skip55
\sfmcolsep=\skip56
\c@sfm@count=\count110
)
(/usr/share/texlive/texmf-dist/tex/latex/tools/dcolumn.sty
Package: dcolumn 2014/10/28 v1.06 decimal alignment package (DPC)

(/usr/share/texlive/texmf-dist/tex/latex/tools/array.sty
Package: array 2018/12/30 v2.4k Tabular extension package (FMi)
\col@sep=\dimen125
\ar@mcellbox=\box29
\extrarowheight=\dimen126
\NC@list=\toks29
\extratabsurround=\skip57
\backup@length=\skip58
\ar@cellbox=\box30
))
(/usr/share/texlive/texmf-dist/tex/latex/nomencl/nomencl.sty
Package: nomencl 2019/02/08 v5.1 Nomenclature package

(/usr/share/texlive/texmf-dist/tex/latex/xkeyval/xkeyval.sty
Package: xkeyval 2014/12/03 v2.7a package option processing (HA)

(/usr/share/texlive/texmf-dist/tex/generic/xkeyval/xkeyval.tex
(/usr/share/texlive/texmf-dist/tex/generic/xkeyval/xkvutils.tex
\XKV@toks=\toks30
\XKV@tempa@toks=\toks31
)
\XKV@depth=\count111
File: xkeyval.tex 2014/12/03 v2.7a key=value parser (HA)
))
(/usr/share/texlive/texmf-dist/tex/latex/base/ifthen.sty
Package: ifthen 2014/09/29 v1.1c Standard LaTeX ifthen package (DPC)
)
(/usr/share/texlive/texmf-dist/tex/latex/koma-script/tocbasic.sty
Package: tocbasic 2019/02/01 v3.26b KOMA-Script package (handling toc-files)

(/usr/share/texlive/texmf-dist/tex/latex/koma-script/scrbase.sty
Package: scrbase 2019/02/01 v3.26b KOMA-Script package (KOMA-Script-independent
 basics and keyval usage)

(/usr/share/texlive/texmf-dist/tex/latex/koma-script/scrlfile.sty
Package: scrlfile 2019/02/01 v3.26b KOMA-Script package (loading files)
))
\scr@dte@tocline@numberwidth=\skip59
\scr@dte@tocline@numbox=\box31
)
Package tocbasic Info: setting babel extension for `nlo' on input line 24.
Package tocbasic Info: setting babel extension for `nls' on input line 25.
\nomlabelwidth=\dimen127
\nom@tempdim=\dimen128
\nomitemsep=\skip60
)
\@nomenclaturefile=\write3
\openout3 = `Thesis.nlo'.

Package nomencl Info: Writing nomenclature file Thesis.nlo on input line 302.

(/usr/share/texlive/texmf-dist/tex/latex/graphics/rotating.sty
Package: rotating 2016/08/11 v2.16d rotated objects in LaTeX
\c@r@tfl@t=\count112
\rotFPtop=\skip61
\rotFPbot=\skip62
\rot@float@box=\box32
\rot@mess@toks=\toks32
)
(/usr/share/texlive/texmf-dist/tex/latex/hyperref/hyperref.sty
Package: hyperref 2018/11/30 v6.88e Hypertext links for LaTeX

(/usr/share/texlive/texmf-dist/tex/generic/oberdiek/hobsub-hyperref.sty
Package: hobsub-hyperref 2016/05/16 v1.14 Bundle oberdiek, subset hyperref (HO)


(/usr/share/texlive/texmf-dist/tex/generic/oberdiek/hobsub-generic.sty
Package: hobsub-generic 2016/05/16 v1.14 Bundle oberdiek, subset generic (HO)
Package: hobsub 2016/05/16 v1.14 Construct package bundles (HO)
Package: infwarerr 2016/05/16 v1.4 Providing info/warning/error messages (HO)
Package: ltxcmds 2016/05/16 v1.23 LaTeX kernel commands for general use (HO)
Package: ifluatex 2016/05/16 v1.4 Provides the ifluatex switch (HO)
Package ifluatex Info: LuaTeX not detected.
Package hobsub Info: Skipping package `ifvtex' (already loaded).
Package: intcalc 2016/05/16 v1.2 Expandable calculations with integers (HO)
Package hobsub Info: Skipping package `ifpdf' (already loaded).
Package: etexcmds 2016/05/16 v1.6 Avoid name clashes with e-TeX commands (HO)
Package: kvsetkeys 2016/05/16 v1.17 Key value parser (HO)
Package: kvdefinekeys 2016/05/16 v1.4 Define keys (HO)
Package: pdftexcmds 2018/09/10 v0.29 Utility functions of pdfTeX for LuaTeX (HO
)
Package pdftexcmds Info: LuaTeX not detected.
Package pdftexcmds Info: \pdf@primitive is available.
Package pdftexcmds Info: \pdf@ifprimitive is available.
Package pdftexcmds Info: \pdfdraftmode found.
Package: pdfescape 2016/05/16 v1.14 Implements pdfTeX's escape features (HO)
Package: bigintcalc 2016/05/16 v1.4 Expandable calculations on big integers (HO
)
Package: bitset 2016/05/16 v1.2 Handle bit-vector datatype (HO)
Package: uniquecounter 2016/05/16 v1.3 Provide unlimited unique counter (HO)
)
Package hobsub Info: Skipping package `hobsub' (already loaded).
Package: letltxmacro 2016/05/16 v1.5 Let assignment for LaTeX macros (HO)
Package: hopatch 2016/05/16 v1.3 Wrapper for package hooks (HO)
Package: xcolor-patch 2016/05/16 xcolor patch
Package: atveryend 2016/05/16 v1.9 Hooks at the very end of document (HO)
Package atveryend Info: \enddocument detected (standard20110627).
Package: atbegshi 2016/06/09 v1.18 At begin shipout hook (HO)
Package: refcount 2016/05/16 v3.5 Data extraction from label references (HO)
Package: hycolor 2016/05/16 v1.8 Color options for hyperref/bookmark (HO)
)
(/usr/share/texlive/texmf-dist/tex/latex/oberdiek/auxhook.sty
Package: auxhook 2016/05/16 v1.4 Hooks for auxiliary files (HO)
)
(/usr/share/texlive/texmf-dist/tex/latex/oberdiek/kvoptions.sty
Package: kvoptions 2016/05/16 v3.12 Key value format for package options (HO)
)
\@linkdim=\dimen129
\Hy@linkcounter=\count113
\Hy@pagecounter=\count114

(/usr/share/texlive/texmf-dist/tex/latex/hyperref/pd1enc.def
File: pd1enc.def 2018/11/30 v6.88e Hyperref: PDFDocEncoding definition (HO)
Now handling font encoding PD1 ...
... no UTF-8 mapping file for font encoding PD1
)
\Hy@SavedSpaceFactor=\count115

(/usr/share/texlive/texmf-dist/tex/latex/latexconfig/hyperref.cfg
File: hyperref.cfg 2002/06/06 v1.2 hyperref configuration of TeXLive
)
Package hyperref Info: Hyper figures OFF on input line 4519.
Package hyperref Info: Link nesting OFF on input line 4524.
Package hyperref Info: Hyper index ON on input line 4527.
Package hyperref Info: Plain pages OFF on input line 4534.
Package hyperref Info: Backreferencing OFF on input line 4539.
Package hyperref Info: Implicit mode ON; LaTeX internals redefined.
Package hyperref Info: Bookmarks ON on input line 4772.
\c@Hy@tempcnt=\count116

(/usr/share/texlive/texmf-dist/tex/latex/url/url.sty
\Urlmuskip=\muskip11
Package: url 2013/09/16  ver 3.4  Verb mode for urls, etc.
)
LaTeX Info: Redefining \url on input line 5125.
\XeTeXLinkMargin=\dimen130
\Fld@menulength=\count117
\Field@Width=\dimen131
\Fld@charsize=\dimen132
Package hyperref Info: Hyper figures OFF on input line 6380.
Package hyperref Info: Link nesting OFF on input line 6385.
Package hyperref Info: Hyper index ON on input line 6388.
Package hyperref Info: backreferencing OFF on input line 6395.
Package hyperref Info: Link coloring OFF on input line 6400.
Package hyperref Info: Link coloring with OCG OFF on input line 6405.
Package hyperref Info: PDF/A mode OFF on input line 6410.
LaTeX Info: Redefining \ref on input line 6450.
LaTeX Info: Redefining \pageref on input line 6454.
\Hy@abspage=\count118
\c@Item=\count119
\c@Hfootnote=\count120
)
Package hyperref Info: Driver: hpdftex.

(/usr/share/texlive/texmf-dist/tex/latex/hyperref/hpdftex.def
File: hpdftex.def 2018/11/30 v6.88e Hyperref driver for pdfTeX
\Fld@listcount=\count121
\c@bookmark@seq@number=\count122

(/usr/share/texlive/texmf-dist/tex/latex/oberdiek/rerunfilecheck.sty
Package: rerunfilecheck 2016/05/16 v1.8 Rerun checks for auxiliary files (HO)
Package uniquecounter Info: New unique counter `rerunfilecheck' on input line 2
82.
)
\Hy@SectionHShift=\skip63
)
Package hyperref Info: Option `colorlinks' set `true' on input line 393.


Package hyperref Warning: Option `pagecolor' is not available anymore.


Package hyperref Warning: Option `bookmarks' has already been used,
(hyperref)                setting the option has no effect on input line 393.

Package hyperref Info: Option `bookmarksopen' set `false' on input line 393.
Package hyperref Info: Option `bookmarksnumbered' set `true' on input line 393.

Package hyperref Info: Option `pdfdisplaydoctitle' set `true' on input line 393
.
(/usr/share/texlive/texmf-dist/tex/latex/oberdiek/hypcap.sty
Package: hypcap 2016/05/16 v1.12 Adjusting the anchors of captions (HO)
)
(/usr/share/texlive/texmf-dist/tex/latex/natbib/natbib.sty
Package: natbib 2010/09/13 8.31b (PWD, AO)
\bibhang=\skip64
\bibsep=\skip65
LaTeX Info: Redefining \cite on input line 694.
\c@NAT@ctr=\count123
)
(/usr/share/texlive/texmf-dist/tex/latex/notoccite/notoccite.sty
Package: notoccite 2000/07/20
)
(/usr/share/texlive/texmf-dist/tex/latex/multirow/multirow.sty
Package: multirow 2019/01/01 v2.4 Span multiple rows of a table
\multirow@colwidth=\skip66
\multirow@cntb=\count124
\multirow@dima=\skip67
\bigstrutjot=\dimen133
)
(/usr/share/texlive/texmf-dist/tex/latex/booktabs/booktabs.sty
Package: booktabs 2016/04/27 v1.618033 publication quality tables
\heavyrulewidth=\dimen134
\lightrulewidth=\dimen135
\cmidrulewidth=\dimen136
\belowrulesep=\dimen137
\belowbottomsep=\dimen138
\aboverulesep=\dimen139
\abovetopsep=\dimen140
\cmidrulesep=\dimen141
\cmidrulekern=\dimen142
\defaultaddspace=\dimen143
\@cmidla=\count125
\@cmidlb=\count126
\@aboverulesep=\dimen144
\@belowrulesep=\dimen145
\@thisruleclass=\count127
\@lastruleclass=\count128
\@thisrulewidth=\dimen146
)
(/usr/share/texlive/texmf-dist/tex/latex/pdfpages/pdfpages.sty
Package: pdfpages 2017/10/31 v0.5l Insert pages of external PDF documents (AM)

(/usr/share/texlive/texmf-dist/tex/latex/tools/calc.sty
Package: calc 2017/05/25 v4.3 Infix arithmetic (KKT,FJ)
\calc@Acount=\count129
\calc@Bcount=\count130
\calc@Adimen=\dimen147
\calc@Bdimen=\dimen148
\calc@Askip=\skip68
\calc@Bskip=\skip69
LaTeX Info: Redefining \setlength on input line 80.
LaTeX Info: Redefining \addtolength on input line 81.
\calc@Ccount=\count131
\calc@Cskip=\skip70
)
(/usr/share/texlive/texmf-dist/tex/latex/eso-pic/eso-pic.sty
Package: eso-pic 2018/04/12 v2.0h eso-pic (RN)

(/usr/share/texlive/texmf-dist/tex/latex/xcolor/xcolor.sty
Package: xcolor 2016/05/11 v2.12 LaTeX color extensions (UK)

(/usr/share/texlive/texmf-dist/tex/latex/graphics-cfg/color.cfg
File: color.cfg 2016/01/02 v1.6 sample color configuration
)
Package xcolor Info: Driver file: pdftex.def on input line 225.
Package xcolor Info: Model `cmy' substituted by `cmy0' on input line 1348.
Package xcolor Info: Model `hsb' substituted by `rgb' on input line 1352.
Package xcolor Info: Model `RGB' extended on input line 1364.
Package xcolor Info: Model `HTML' substituted by `rgb' on input line 1366.
Package xcolor Info: Model `Hsb' substituted by `hsb' on input line 1367.
Package xcolor Info: Model `tHsb' substituted by `hsb' on input line 1368.
Package xcolor Info: Model `HSB' substituted by `hsb' on input line 1369.
Package xcolor Info: Model `Gray' substituted by `gray' on input line 1370.
Package xcolor Info: Model `wave' substituted by `hsb' on input line 1371.
))
\AM@pagewidth=\dimen149
\AM@pageheight=\dimen150

(/usr/share/texlive/texmf-dist/tex/latex/pdfpages/pppdftex.def
File: pppdftex.def 2017/10/31 v0.5l Pdfpages driver for pdfTeX (AM)
)
\AM@pagebox=\box33
\AM@global@opts=\toks33
\AM@toc@title=\toks34
\c@AM@survey=\count132
\AM@templatesizebox=\box34
)
(/usr/share/texlive/texmf-dist/tex/latex/tools/longtable.sty
Package: longtable 2014/10/28 v4.11 Multi-page Table package (DPC)+ FMi change
\LTleft=\skip71
\LTright=\skip72
\LTpre=\skip73
\LTpost=\skip74
\LTchunksize=\count133
\LTcapwidth=\dimen151
\LT@head=\box35
\LT@firsthead=\box36
\LT@foot=\box37
\LT@lastfoot=\box38
\LT@cols=\count134
\LT@rows=\count135
\c@LT@tables=\count136
\c@LT@chunks=\count137
\LT@p@ftn=\toks35
)
(/usr/share/texlive/texmf-dist/tex/latex/algorithms/algorithmic.sty
Package: algorithmic 2009/08/24 v0.1 Document Style `algorithmic'
\c@ALC@unique=\count138
\c@ALC@line=\count139
\c@ALC@rem=\count140
\c@ALC@depth=\count141
\ALC@tlm=\skip75
\algorithmicindent=\skip76
)
(/usr/share/texlive/texmf-dist/tex/latex/algorithms/algorithm.sty
Package: algorithm 2009/08/24 v0.1 Document Style `algorithm' - floating enviro
nment

(/usr/share/texlive/texmf-dist/tex/latex/float/float.sty
Package: float 2001/11/08 v1.3d Float enhancements (AL)
\c@float@type=\count142
\float@exts=\toks36
\float@box=\box39
\@float@everytoks=\toks37
\@floatcapt=\box40
)
\@float@every@algorithm=\toks38
\c@algorithm=\count143
)
(/usr/share/texlive/texmf-dist/tex/latex/threeparttable/threeparttable.sty
Package: threeparttable 2003/06/13  v 3.0
\@tempboxb=\box41
)
(/usr/share/texlive/texmf-dist/tex/latex/nowidow/nowidow.sty
Package: nowidow 2011/09/20 1.0 Easily prevent widows and orphans
Package: nowidow 
)
(/usr/share/texlive/texmf-dist/tex/latex/listings/listings.sty
\lst@mode=\count144
\lst@gtempboxa=\box42
\lst@token=\toks39
\lst@length=\count145
\lst@currlwidth=\dimen152
\lst@column=\count146
\lst@pos=\count147
\lst@lostspace=\dimen153
\lst@width=\dimen154
\lst@newlines=\count148
\lst@lineno=\count149
\lst@maxwidth=\dimen155

(/usr/share/texlive/texmf-dist/tex/latex/listings/lstmisc.sty
File: lstmisc.sty 2018/09/02 1.7 (Carsten Heinz)
\c@lstnumber=\count150
\lst@skipnumbers=\count151
\lst@framebox=\box43
)
(/usr/share/texlive/texmf-dist/tex/latex/listings/listings.cfg
File: listings.cfg 2018/09/02 1.7 listings configuration
))
Package: listings 2018/09/02 1.7 (Carsten Heinz)

(/usr/share/texlive/texmf-dist/tex/latex/listings/lstlang1.sty
File: lstlang1.sty 2018/09/02 1.7 listings language file
)
(/usr/share/texlive/texmf-dist/tex/latex/listings/lstmisc.sty
File: lstmisc.sty 2018/09/02 1.7 (Carsten Heinz)
)) (./Thesis.aux)
\openout1 = `Thesis.aux'.

LaTeX Font Info:    Checking defaults for OML/cmm/m/it on input line 75.
LaTeX Font Info:    ... okay on input line 75.
LaTeX Font Info:    Checking defaults for T1/cmr/m/n on input line 75.
LaTeX Font Info:    ... okay on input line 75.
LaTeX Font Info:    Checking defaults for OT1/cmr/m/n on input line 75.
LaTeX Font Info:    ... okay on input line 75.
LaTeX Font Info:    Checking defaults for OMS/cmsy/m/n on input line 75.
LaTeX Font Info:    ... okay on input line 75.
LaTeX Font Info:    Checking defaults for OMX/cmex/m/n on input line 75.
LaTeX Font Info:    ... okay on input line 75.
LaTeX Font Info:    Checking defaults for U/cmr/m/n on input line 75.
LaTeX Font Info:    ... okay on input line 75.
LaTeX Font Info:    Checking defaults for PD1/pdf/m/n on input line 75.
LaTeX Font Info:    ... okay on input line 75.
LaTeX Font Info:    Try loading font information for OT1+phv on input line 75.

(/usr/share/texlive/texmf-dist/tex/latex/psnfss/ot1phv.fd
File: ot1phv.fd 2001/06/04 scalable font definitions for OT1/phv.
)
*geometry* driver: auto-detecting
*geometry* detected driver: pdftex

Package geometry Warning: The marginal notes overrun the paper.
     Add 50.86812pt and more to the right margin.

*geometry* verbose mode - [ preamble ] result:
* driver: pdftex
* paper: a4paper
* layout: <same size as paper>
* layoutoffset:(h,v)=(0.0pt,0.0pt)
* modes: twoside 
* h-part:(L,W,R)=(71.13188pt, 455.24411pt, 71.13188pt)
* v-part:(T,H,B)=(71.13188pt, 702.78308pt, 71.13188pt)
* \paperwidth=597.50787pt
* \paperheight=845.04684pt
* \textwidth=455.24411pt
* \textheight=702.78308pt
* \oddsidemargin=-1.1381pt
* \evensidemargin=-1.1381pt
* \topmargin=-38.1381pt
* \headheight=12.0pt
* \headsep=25.0pt
* \topskip=10.0pt
* \footskip=30.0pt
* \marginparwidth=111.0pt
* \marginparsep=11.0pt
* \columnsep=10.0pt
* \skip\footins=9.0pt plus 4.0pt minus 2.0pt
* \hoffset=0.0pt
* \voffset=0.0pt
* \mag=1000
* \@twocolumnfalse
* \@twosidetrue
* \@mparswitchtrue
* \@reversemarginfalse
* (1in=72.27pt=25.4mm, 1cm=28.453pt)

(/usr/share/texlive/texmf-dist/tex/context/base/mkii/supp-pdf.mkii
[Loading MPS to PDF converter (version 2006.09.02).]
\scratchcounter=\count152
\scratchdimen=\dimen156
\scratchbox=\box44
\nofMPsegments=\count153
\nofMParguments=\count154
\everyMPshowfont=\toks40
\MPscratchCnt=\count155
\MPscratchDim=\dimen157
\MPnumerator=\count156
\makeMPintoPDFobject=\count157
\everyMPtoPDFconversion=\toks41
) (/usr/share/texlive/texmf-dist/tex/latex/oberdiek/epstopdf-base.sty
Package: epstopdf-base 2016/05/15 v2.6 Base part for package epstopdf

(/usr/share/texlive/texmf-dist/tex/latex/oberdiek/grfext.sty
Package: grfext 2016/05/16 v1.2 Manage graphics extensions (HO)
)
Package epstopdf-base Info: Redefining graphics rule for `.eps' on input line 4
38.
Package grfext Info: Graphics extension search list:
(grfext)             [.pdf,.png,.jpg,.mps,.jpeg,.jbig2,.jb2,.PDF,.PNG,.JPG,.JPE
G,.JBIG2,.JB2,.eps]
(grfext)             \AppendGraphicsExtensions on input line 456.

(/usr/share/texlive/texmf-dist/tex/latex/latexconfig/epstopdf-sys.cfg
File: epstopdf-sys.cfg 2010/07/13 v1.3 Configuration of (r)epstopdf for TeX Liv
e
))
\AtBeginShipoutBox=\box45
Package hyperref Info: Link coloring ON on input line 75.

(/usr/share/texlive/texmf-dist/tex/latex/hyperref/nameref.sty
Package: nameref 2016/05/21 v2.44 Cross-referencing by name of section

(/usr/share/texlive/texmf-dist/tex/generic/oberdiek/gettitlestring.sty
Package: gettitlestring 2016/05/16 v1.5 Cleanup title references (HO)
)
\c@section@level=\count158
)
LaTeX Info: Redefining \ref on input line 75.
LaTeX Info: Redefining \pageref on input line 75.
LaTeX Info: Redefining \nameref on input line 75.

(./Thesis.out) (./Thesis.out)
\@outlinefile=\write4
\openout4 = `Thesis.out'.


(/usr/share/texlive/texmf-dist/tex/latex/oberdiek/pdflscape.sty
Package: pdflscape 2016/05/14 v0.11 Display of landscape pages in PDF (HO)

(/usr/share/texlive/texmf-dist/tex/latex/graphics/lscape.sty
Package: lscape 2000/10/22 v3.01 Landscape Pages (DPC)
)
Package pdflscape Info: Auto-detected driver: pdftex on input line 81.
)
\c@lstlisting=\count159

(./Thesis_FrontCover.tex
Package pdftex.def Info: Option `bb' equivalent to `viewport' with pdftex drive
r on input line 12.
<IST_A_CMYK_POS.pdf, id=68, 845.0471pt x 597.51233pt>
File: IST_A_CMYK_POS.pdf Graphic file (type pdf)
<use IST_A_CMYK_POS.pdf>
Package pdftex.def Info: IST_A_CMYK_POS.pdf  used on input line 12.
(pdftex.def)             Requested size: -78.38533pt x -90.76195pt.
LaTeX Font Info:    Try loading font information for T1+phv on input line 22.

(/usr/share/texlive/texmf-dist/tex/latex/psnfss/t1phv.fd
File: t1phv.fd 2001/06/04 scalable font definitions for T1/phv.
)
LaTeX Font Info:    Try loading font information for U+msa on input line 34.

(/usr/share/texlive/texmf-dist/tex/latex/amsfonts/umsa.fd
File: umsa.fd 2013/01/14 v3.01 AMS symbols A
)
LaTeX Font Info:    Try loading font information for U+msb on input line 34.

(/usr/share/texlive/texmf-dist/tex/latex/amsfonts/umsb.fd
File: umsb.fd 2013/01/14 v3.01 AMS symbols B
)) [1

{/var/lib/texmf/fonts/map/pdftex/updmap/pdftex.map} <./IST_A_CMYK_POS.pdf>] [2

]
(./Thesis_Declaration.tex
LaTeX Font Info:    Font shape `OT1/phv/bx/n' in size <14.4> not available
(Font)              Font shape `OT1/phv/b/n' tried instead on input line 8.
) [3] [4

] (./Thesis_Acknowledgements.tex) [5] [6

]
(./Thesis_Resumo.tex
LaTeX Font Info:    Font shape `OT1/phv/m/it' in size <10> not available
(Font)              Font shape `OT1/phv/m/sl' tried instead on input line 13.
LaTeX Font Info:    Font shape `OT1/phv/bx/n' in size <10> not available
(Font)              Font shape `OT1/phv/b/n' tried instead on input line 17.
) [7] [8

] (./Thesis_Abstract.tex) [9] [10

]
LaTeX Font Info:    Font shape `OT1/phv/bx/n' in size <24.88> not available
(Font)              Font shape `OT1/phv/b/n' tried instead on input line 117.
 (./Thesis.toc)
\tf@toc=\write5
\openout5 = `Thesis.toc'.


[11

] [12

] (./Thesis.lot)
\tf@lot=\write6
\openout6 = `Thesis.lot'.

 [13

] [14

] (./Thesis.lof)
\tf@lof=\write7
\openout7 = `Thesis.lof'.

 [15

] [16

] (./Thesis.lol)
\tf@lol=\write8
\openout8 = `Thesis.lol'.


[17

] [18

] (./Thesis_Acronyms.tex)
Underfull \hbox (badness 10000) in paragraph at lines 16--152

 []

[19] [20

] (./Thesis_Introduction.tex
Chapter 1.
LaTeX Font Info:    Font shape `OT1/phv/bx/n' in size <20.74> not available
(Font)              Font shape `OT1/phv/b/n' tried instead on input line 11.
) [1

] [2

] (./Thesis_Background.tex
Chapter 2.

Overfull \hbox (22.30997pt too wide) in paragraph at lines 13--15
  \OT1/phv/m/n/10 The Ker-nel source code can be ob-tainned through the github 
repos-i-tory: https://github.com/torvalds/linux. 
 []

! Missing $ inserted.
<inserted text> 
                $
l.23 ...nt/860269/attachments/1955631/3256707/mdt_
                                                  cocotb_talk.pdf
? 
! Missing $ inserted.
<inserted text> 
                $
l.24 
     
? 
[3

] [4]) (./Thesis_Proposed_System.tex
Chapter 3.
<Figures/bd.pdf, id=218, 796.67719pt x 569.05513pt>
File: Figures/bd.pdf Graphic file (type pdf)
<use Figures/bd.pdf>
Package pdftex.def Info: Figures/bd.pdf  used on input line 5.
(pdftex.def)             Requested size: 796.67525pt x 569.05374pt.

Overfull \hbox (341.43114pt too wide) in paragraph at lines 5--6
[][]
 []

LaTeX Font Info:    Font shape `OT1/phv/bx/n' in size <12> not available
(Font)              Font shape `OT1/phv/b/n' tried instead on input line 14.
LaTeX Font Info:    Try loading font information for OMS+phv on input line 20.
(/usr/share/texlive/texmf-dist/tex/latex/psnfss/omsphv.fd
File: omsphv.fd 
)
LaTeX Font Info:    Font shape `OMS/phv/m/n' in size <10> not available
(Font)              Font shape `OMS/cmsy/m/n' tried instead on input line 20.
 [5


] [6pdfTeX warning (ext4): destination with the same identifier (name{figure.3.
1}) has been already used, duplicate ignored

\AtBegShi@Output ...ipout \box \AtBeginShipoutBox 
                                                  \fi \fi 
l.30 \quad
           Pros: <./Figures/bd.pdf>]
! You can't use `macro parameter character #' in horizontal mode.
l.56 \quad Silicon Area (ASIC mm2; FPGA #
                                         LUTs, #BRAM, #DSPs), Max Freq (ASIC...

? 
! You can't use `macro parameter character #' in horizontal mode.
l.56 \quad Silicon Area (ASIC mm2; FPGA #LUTs, #
                                                BRAM, #DSPs), Max Freq (ASIC...

? 
! You can't use `macro parameter character #' in horizontal mode.
l.56 ...licon Area (ASIC mm2; FPGA #LUTs, #BRAM, #
                                                  DSPs), Max Freq (ASIC/FPGA)
? 
) [7] [8

] (./Thesis_Extra_activities.tex
Chapter 4.
! Missing $ inserted.
<inserted text> 
                $
l.5 \quad Exploration of Coco_
                              tb: testbench that communicates with console (...

? 
)
! Missing $ inserted.
<inserted text> 
                $
l.173 \cleardoublepage
                      
? 

Overfull \hbox (406.59172pt too wide) in paragraph at lines 3--173
\OT1/phv/m/n/10 com-piles to com-pe-ti-tion with-out er-rors)  Ex-plo-ration of
 Coco$[]\OML/cmm/m/it/10 b \OT1/cmr/m/n/10 : \OML/cmm/m/it/10 testbenchthatcomm
unicateswithconsole\OT1/cmr/m/n/10 (\OML/cmm/m/it/10 python\OT1/cmr/m/n/10 )\OM
L/cmm/m/it/10 implemented:Preliminaryresultsshowthatsimulationbecomesveryslow\O
T1/cmr/m/n/10 (\OML/cmm/m/it/10 quantify\OT1/cmr/m/n/10 )$ 
 []

[9

] [10

] (./Thesis_Conclusions.tex
Chapter 5.
) [11

] [12

] (./Thesis.bbl

Package natbib Warning: Empty `thebibliography' environment on input line 3.

) [13

] [14

]
Package atveryend Info: Empty hook `BeforeClearDocument' on input line 215.
Package atveryend Info: Empty hook `AfterLastShipout' on input line 215.
 (./Thesis.aux)
Package atveryend Info: Executing hook `AtVeryEndDocument' on input line 215.
Package atveryend Info: Executing hook `AtEndAfterFileList' on input line 215.


Package rerunfilecheck Warning: File `Thesis.out' has changed.
(rerunfilecheck)                Rerun to get outlines right
(rerunfilecheck)                or use package `bookmark'.

Package rerunfilecheck Info: Checksums for `Thesis.out':
(rerunfilecheck)             Before: 7D174A015128D27B682978DD4D392FD0;858
(rerunfilecheck)             After:  180E70C23E8F6013252E14C755331D3E;1736.

LaTeX Warning: Label(s) may have changed. Rerun to get cross-references right.

Package atveryend Info: Empty hook `AtVeryVeryEnd' on input line 215.
 ) 
Here is how much of TeX's memory you used:
 11793 strings out of 492615
 172301 string characters out of 6131390
 511501 words of memory out of 5000000
 15345 multiletter control sequences out of 15000+600000
 35938 words of font info for 66 fonts, out of 8000000 for 9000
 1141 hyphenation exceptions out of 8191
 46i,7n,95p,817b,345s stack positions out of 5000i,500n,10000p,200000b,80000s
{/usr/share/texlive/texmf-dist/fonts/enc/dvips/base/8r.enc}</usr/share/texliv
e/texmf-dist/fonts/type1/public/amsfonts/cm/cmmi10.pfb></usr/share/texlive/texm
f-dist/fonts/type1/public/amsfonts/cm/cmmi7.pfb></usr/share/texlive/texmf-dist/
fonts/type1/public/amsfonts/cm/cmr10.pfb></usr/share/texlive/texmf-dist/fonts/t
ype1/public/amsfonts/cm/cmsy10.pfb></usr/share/texlive/texmf-dist/fonts/type1/u
rw/helvetic/uhvb8a.pfb></usr/share/texlive/texmf-dist/fonts/type1/urw/helvetic/
uhvr8a.pfb></usr/share/texlive/texmf-dist/fonts/type1/urw/helvetic/uhvro8a.pfb>
Output written on Thesis.pdf (34 pages, 296114 bytes).
PDF statistics:
 349 PDF objects out of 1000 (max. 8388607)
 275 compressed objects within 3 object streams
 72 named destinations out of 1000 (max. 500000)
 139 words of extra memory for PDF output out of 10000 (max. 10000000)

