\BOOKMARK [1][-]{section*.2}{Acknowledgments}{}% 1
\BOOKMARK [1][-]{section*.3}{Resumo}{}% 2
\BOOKMARK [1][-]{section*.4}{Abstract}{}% 3
\BOOKMARK [1][-]{section*.6}{List of Tables}{}% 4
\BOOKMARK [1][-]{section*.8}{List of Figures}{}% 5
\BOOKMARK [1][-]{section*.10}{Listing}{}% 6
\BOOKMARK [1][-]{section*.12}{List of Acronyms}{}% 7
\BOOKMARK [0][-]{chapter.1}{1 Introduction}{}% 8
\BOOKMARK [1][-]{section.1.1}{1.1 Motivation}{chapter.1}% 9
\BOOKMARK [1][-]{section.1.2}{1.2 Objectives}{chapter.1}% 10
\BOOKMARK [1][-]{section.1.3}{1.3 Thesis Outline}{chapter.1}% 11
\BOOKMARK [0][-]{chapter.2}{2 Background}{}% 12
\BOOKMARK [1][-]{section.2.1}{2.1 RISC-V}{chapter.2}% 13
\BOOKMARK [1][-]{section.2.2}{2.2 Linux}{chapter.2}% 14
\BOOKMARK [1][-]{section.2.3}{2.3 Verilog}{chapter.2}% 15
\BOOKMARK [1][-]{section.2.4}{2.4 IOb-SoC}{chapter.2}% 16
\BOOKMARK [1][-]{section.2.5}{2.5 cocoTb}{chapter.2}% 17
\BOOKMARK [0][-]{chapter.3}{3 Proposed System}{}% 18
\BOOKMARK [1][-]{section.3.1}{3.1 CPU selection}{chapter.3}% 19
\BOOKMARK [2][-]{subsection.3.1.1}{3.1.1 BOOM}{section.3.1}% 20
\BOOKMARK [2][-]{subsection.3.1.2}{3.1.2 CVA6/Arianne}{section.3.1}% 21
\BOOKMARK [2][-]{subsection.3.1.3}{3.1.3 VexRiscv}{section.3.1}% 22
\BOOKMARK [1][-]{section.3.2}{3.2 Creation of an embedded Linux image}{chapter.3}% 23
\BOOKMARK [1][-]{section.3.3}{3.3 Expected system requirements}{chapter.3}% 24
\BOOKMARK [2][-]{subsection.3.3.1}{3.3.1 LitexSoC}{section.3.3}% 25
\BOOKMARK [0][-]{chapter.4}{4 Extra Activities}{}% 26
\BOOKMARK [0][-]{chapter.5}{5 Conclusions}{}% 27
\BOOKMARK [1][-]{section.5.1}{5.1 Achievements}{chapter.5}% 28
\BOOKMARK [1][-]{section.5.2}{5.2 Future Work}{chapter.5}% 29
\BOOKMARK [0][-]{section*.13}{Bibliography}{}% 30
